<?xml version="1.0" encoding="UTF-8"?><testsuite failures="1" name="cucumber.runtime.formatter.JUnitFormatter" skipped="0" tests="1" time="7.861698">
<testcase classname="RBL IMPS Feature File" name="TC_001_IMPS_CIB" time="7.861698">
<failure message="com.jayway.restassured.path.json.exception.JsonPathException: Failed to parse the JSON document&#13;&#10;&#9;at com.jayway.restassured.path.json.JsonPath$ExceptionCatcher.invoke(JsonPath.java:928)&#13;&#10;&#9;at com.jayway.restassured.path.json.JsonPath$4.doParseWith(JsonPath.java:893)&#13;&#10;&#9;at com.jayway.restassured.path.json.JsonPath$JsonParser.parseWith(JsonPath.java:972)&#13;&#10;&#9;at com.jayway.restassured.path.json.JsonPath.get(JsonPath.java:201)&#13;&#10;&#9;at com.stepDefination.Common.IMPS_RTGS_NEFT_COMMON_Json.i_am_validating_object_for_string_value_For(IMPS_RTGS_NEFT_COMMON_Json.java:263)&#13;&#10;&#9;at ✽.I am validating object &quot;OTPGenerationResponse.ResponseHeader.Security.Token.PasswordToken.UserId&quot; for string value &quot;101220913&quot; For &quot;GenrateOTP&quot;.(src/test/java/com/feature/IMPS/FundTransfer_IMPS_Feature.feature:17)&#13;&#10;Caused by: groovy.json.JsonException: Lexing failed on line: 1, column: 1, while reading 'E', no possible valid JSON value or punctuation could be recognized.&#13;&#10;&#9;at groovy.json.JsonLexer.nextToken(JsonLexer.java:87)&#13;&#10;&#9;at groovy.json.JsonLexer$nextToken.call(Unknown Source)&#13;&#10;&#9;at org.codehaus.groovy.runtime.callsite.CallSiteArray.defaultCall(CallSiteArray.java:47)&#13;&#10;&#9;at org.codehaus.groovy.runtime.callsite.AbstractCallSite.call(AbstractCallSite.java:116)&#13;&#10;&#9;at org.codehaus.groovy.runtime.callsite.AbstractCallSite.call(AbstractCallSite.java:120)&#13;&#10;&#9;at com.jayway.restassured.internal.path.json.ConfigurableJsonSlurper.parse(ConfigurableJsonSlurper.groovy:96)&#13;&#10;&#9;at com.jayway.restassured.internal.path.json.ConfigurableJsonSlurper$parse.callCurrent(Unknown Source)&#13;&#10;&#9;at org.codehaus.groovy.runtime.callsite.CallSiteArray.defaultCallCurrent(CallSiteArray.java:51)&#13;&#10;&#9;at org.codehaus.groovy.runtime.callsite.AbstractCallSite.callCurrent(AbstractCallSite.java:157)&#13;&#10;&#9;at org.codehaus.groovy.runtime.callsite.AbstractCallSite.callCurrent(AbstractCallSite.java:169)&#13;&#10;&#9;at com.jayway.restassured.internal.path.json.ConfigurableJsonSlurper.parseText(ConfigurableJsonSlurper.groovy:82)&#13;&#10;&#9;at com.jayway.restassured.path.json.JsonPath$4$1.method(JsonPath.java:891)&#13;&#10;&#9;at com.jayway.restassured.path.json.JsonPath$ExceptionCatcher.invoke(JsonPath.java:926)&#13;&#10;&#9;at com.jayway.restassured.path.json.JsonPath$4.doParseWith(JsonPath.java:893)&#13;&#10;&#9;at com.jayway.restassured.path.json.JsonPath$JsonParser.parseWith(JsonPath.java:972)&#13;&#10;&#9;at com.jayway.restassured.path.json.JsonPath.get(JsonPath.java:201)&#13;&#10;&#9;at com.stepDefination.Common.IMPS_RTGS_NEFT_COMMON_Json.i_am_validating_object_for_string_value_For(IMPS_RTGS_NEFT_COMMON_Json.java:263)&#13;&#10;&#9;at java.base/jdk.internal.reflect.DirectMethodHandleAccessor.invoke(DirectMethodHandleAccessor.java:104)&#13;&#10;&#9;at java.base/java.lang.reflect.Method.invoke(Method.java:577)&#13;&#10;&#9;at cucumber.runtime.Utils$1.call(Utils.java:26)&#13;&#10;&#9;at cucumber.runtime.Timeout.timeout(Timeout.java:16)&#13;&#10;&#9;at cucumber.runtime.Utils.invoke(Utils.java:20)&#13;&#10;&#9;at cucumber.runtime.java.JavaStepDefinition.execute(JavaStepDefinition.java:49)&#13;&#10;&#9;at cucumber.runner.PickleStepDefinitionMatch.runStep(PickleStepDefinitionMatch.java:50)&#13;&#10;&#9;at cucumber.runner.TestStep.executeStep(TestStep.java:63)&#13;&#10;&#9;at cucumber.runner.TestStep.run(TestStep.java:49)&#13;&#10;&#9;at cucumber.runner.PickleStepTestStep.run(PickleStepTestStep.java:43)&#13;&#10;&#9;at cucumber.runner.TestCase.run(TestCase.java:44)&#13;&#10;&#9;at cucumber.runner.Runner.runPickle(Runner.java:40)&#13;&#10;&#9;at cucumber.api.testng.TestNGCucumberRunner.runScenario(TestNGCucumberRunner.java:68)&#13;&#10;&#9;at cucumber.api.testng.AbstractTestNGCucumberTests.runScenario(AbstractTestNGCucumberTests.java:22)&#13;&#10;&#9;at java.base/jdk.internal.reflect.DirectMethodHandleAccessor.invoke(DirectMethodHandleAccessor.java:104)&#13;&#10;&#9;at java.base/java.lang.reflect.Method.invoke(Method.java:577)&#13;&#10;&#9;at org.testng.internal.MethodInvocationHelper.invokeMethod(MethodInvocationHelper.java:86)&#13;&#10;&#9;at org.testng.internal.Invoker.invokeMethod(Invoker.java:643)&#13;&#10;&#9;at org.testng.internal.Invoker.invokeTestMethod(Invoker.java:820)&#13;&#10;&#9;at org.testng.internal.Invoker.invokeTestMethods(Invoker.java:1128)&#13;&#10;&#9;at org.testng.internal.TestMethodWorker.invokeTestMethods(TestMethodWorker.java:129)&#13;&#10;&#9;at org.testng.internal.TestMethodWorker.run(TestMethodWorker.java:112)&#13;&#10;&#9;at org.testng.TestRunner.privateRun(TestRunner.java:782)&#13;&#10;&#9;at org.testng.TestRunner.run(TestRunner.java:632)&#13;&#10;&#9;at org.testng.SuiteRunner.runTest(SuiteRunner.java:366)&#13;&#10;&#9;at org.testng.SuiteRunner.runSequentially(SuiteRunner.java:361)&#13;&#10;&#9;at org.testng.SuiteRunner.privateRun(SuiteRunner.java:319)&#13;&#10;&#9;at org.testng.SuiteRunner.run(SuiteRunner.java:268)&#13;&#10;&#9;at org.testng.SuiteRunnerWorker.runSuite(SuiteRunnerWorker.java:52)&#13;&#10;&#9;at org.testng.SuiteRunnerWorker.run(SuiteRunnerWorker.java:86)&#13;&#10;&#9;at org.testng.TestNG.runSuitesSequentially(TestNG.java:1244)&#13;&#10;&#9;at org.testng.TestNG.runSuitesLocally(TestNG.java:1169)&#13;&#10;&#9;at org.testng.TestNG.run(TestNG.java:1064)&#13;&#10;&#9;at org.testng.remote.AbstractRemoteTestNG.run(AbstractRemoteTestNG.java:115)&#13;&#10;&#9;at org.testng.remote.RemoteTestNG.initAndRun(RemoteTestNG.java:251)&#13;&#10;&#9;at org.testng.remote.RemoteTestNG.main(RemoteTestNG.java:77)&#13;&#10;"><![CDATA[Given I am requesting "BaseURI".............................................passed
Given Load TestData Form Specific Api sheet "Generate OTP"..................passed
Given Load TestData Form Specific Api sheet "Validate OTP"..................passed
Given Base Test "GenrateOtpBaseTestJson.json" data Replace with RunTime Test Data"GenrateOtpJsonTestData.json".passed
Then Create Input File for json from Excel Sheet............................passed
Then I go to "/otp/api/v1/generateOtp" and "Post" Api Request Saved in Json File "GenrateOtpJsonTestData.json"without charset.passed
Then Save Final Response in "JsonGenrateOtpResponse.json" output File.......passed
Then Fetch OTP In Your Registered Mobile....................................passed
Then Create Input File for ValidateOTP json from Excel Sheet................passed
Then I am validating object "OTPGenerationResponse.ResponseHeader.Security.Token.PasswordToken.UserId" for string value "101220913" For "GenrateOTP"..failed
Then I compare Json Schema file "Json_Schema.json" with Response File "JsonGenrateOtpResponse.json"..skipped
Then Save the Request "GenrateOtpJsonTestData.json" and Response "JsonGenrateOtpResponse.json"..skipped

StackTrace:
com.jayway.restassured.path.json.exception.JsonPathException: Failed to parse the JSON document
	at com.jayway.restassured.path.json.JsonPath$ExceptionCatcher.invoke(JsonPath.java:928)
	at com.jayway.restassured.path.json.JsonPath$4.doParseWith(JsonPath.java:893)
	at com.jayway.restassured.path.json.JsonPath$JsonParser.parseWith(JsonPath.java:972)
	at com.jayway.restassured.path.json.JsonPath.get(JsonPath.java:201)
	at com.stepDefination.Common.IMPS_RTGS_NEFT_COMMON_Json.i_am_validating_object_for_string_value_For(IMPS_RTGS_NEFT_COMMON_Json.java:263)
	at ✽.I am validating object "OTPGenerationResponse.ResponseHeader.Security.Token.PasswordToken.UserId" for string value "101220913" For "GenrateOTP".(src/test/java/com/feature/IMPS/FundTransfer_IMPS_Feature.feature:17)
Caused by: groovy.json.JsonException: Lexing failed on line: 1, column: 1, while reading 'E', no possible valid JSON value or punctuation could be recognized.
	at groovy.json.JsonLexer.nextToken(JsonLexer.java:87)
	at groovy.json.JsonLexer$nextToken.call(Unknown Source)
	at org.codehaus.groovy.runtime.callsite.CallSiteArray.defaultCall(CallSiteArray.java:47)
	at org.codehaus.groovy.runtime.callsite.AbstractCallSite.call(AbstractCallSite.java:116)
	at org.codehaus.groovy.runtime.callsite.AbstractCallSite.call(AbstractCallSite.java:120)
	at com.jayway.restassured.internal.path.json.ConfigurableJsonSlurper.parse(ConfigurableJsonSlurper.groovy:96)
	at com.jayway.restassured.internal.path.json.ConfigurableJsonSlurper$parse.callCurrent(Unknown Source)
	at org.codehaus.groovy.runtime.callsite.CallSiteArray.defaultCallCurrent(CallSiteArray.java:51)
	at org.codehaus.groovy.runtime.callsite.AbstractCallSite.callCurrent(AbstractCallSite.java:157)
	at org.codehaus.groovy.runtime.callsite.AbstractCallSite.callCurrent(AbstractCallSite.java:169)
	at com.jayway.restassured.internal.path.json.ConfigurableJsonSlurper.parseText(ConfigurableJsonSlurper.groovy:82)
	at com.jayway.restassured.path.json.JsonPath$4$1.method(JsonPath.java:891)
	at com.jayway.restassured.path.json.JsonPath$ExceptionCatcher.invoke(JsonPath.java:926)
	at com.jayway.restassured.path.json.JsonPath$4.doParseWith(JsonPath.java:893)
	at com.jayway.restassured.path.json.JsonPath$JsonParser.parseWith(JsonPath.java:972)
	at com.jayway.restassured.path.json.JsonPath.get(JsonPath.java:201)
	at com.stepDefination.Common.IMPS_RTGS_NEFT_COMMON_Json.i_am_validating_object_for_string_value_For(IMPS_RTGS_NEFT_COMMON_Json.java:263)
	at java.base/jdk.internal.reflect.DirectMethodHandleAccessor.invoke(DirectMethodHandleAccessor.java:104)
	at java.base/java.lang.reflect.Method.invoke(Method.java:577)
	at cucumber.runtime.Utils$1.call(Utils.java:26)
	at cucumber.runtime.Timeout.timeout(Timeout.java:16)
	at cucumber.runtime.Utils.invoke(Utils.java:20)
	at cucumber.runtime.java.JavaStepDefinition.execute(JavaStepDefinition.java:49)
	at cucumber.runner.PickleStepDefinitionMatch.runStep(PickleStepDefinitionMatch.java:50)
	at cucumber.runner.TestStep.executeStep(TestStep.java:63)
	at cucumber.runner.TestStep.run(TestStep.java:49)
	at cucumber.runner.PickleStepTestStep.run(PickleStepTestStep.java:43)
	at cucumber.runner.TestCase.run(TestCase.java:44)
	at cucumber.runner.Runner.runPickle(Runner.java:40)
	at cucumber.api.testng.TestNGCucumberRunner.runScenario(TestNGCucumberRunner.java:68)
	at cucumber.api.testng.AbstractTestNGCucumberTests.runScenario(AbstractTestNGCucumberTests.java:22)
	at java.base/jdk.internal.reflect.DirectMethodHandleAccessor.invoke(DirectMethodHandleAccessor.java:104)
	at java.base/java.lang.reflect.Method.invoke(Method.java:577)
	at org.testng.internal.MethodInvocationHelper.invokeMethod(MethodInvocationHelper.java:86)
	at org.testng.internal.Invoker.invokeMethod(Invoker.java:643)
	at org.testng.internal.Invoker.invokeTestMethod(Invoker.java:820)
	at org.testng.internal.Invoker.invokeTestMethods(Invoker.java:1128)
	at org.testng.internal.TestMethodWorker.invokeTestMethods(TestMethodWorker.java:129)
	at org.testng.internal.TestMethodWorker.run(TestMethodWorker.java:112)
	at org.testng.TestRunner.privateRun(TestRunner.java:782)
	at org.testng.TestRunner.run(TestRunner.java:632)
	at org.testng.SuiteRunner.runTest(SuiteRunner.java:366)
	at org.testng.SuiteRunner.runSequentially(SuiteRunner.java:361)
	at org.testng.SuiteRunner.privateRun(SuiteRunner.java:319)
	at org.testng.SuiteRunner.run(SuiteRunner.java:268)
	at org.testng.SuiteRunnerWorker.runSuite(SuiteRunnerWorker.java:52)
	at org.testng.SuiteRunnerWorker.run(SuiteRunnerWorker.java:86)
	at org.testng.TestNG.runSuitesSequentially(TestNG.java:1244)
	at org.testng.TestNG.runSuitesLocally(TestNG.java:1169)
	at org.testng.TestNG.run(TestNG.java:1064)
	at org.testng.remote.AbstractRemoteTestNG.run(AbstractRemoteTestNG.java:115)
	at org.testng.remote.RemoteTestNG.initAndRun(RemoteTestNG.java:251)
	at org.testng.remote.RemoteTestNG.main(RemoteTestNG.java:77)
]]></failure>
</testcase>
</testsuite>
